<?xml version="1.0" encoding="UTF-8"?>
<!-- Generated by org.testng.reporters.JUnitReportReporter -->
<testsuite hostname="LAPTOP-AF9EHLIC" failures="0" tests="1" name="test.Testmethod" time="0.006" errors="0" timestamp="2022-02-16T19:47:59 IST" skipped="0">
  <testcase classname="test.Testmethod" name="getuser" time="0.006"/>
  <system-out/>
</testsuite> <!-- test.Testmethod -->
